TN:
SF:src/email-templates.ts
FN:4,getBaseUrl
FN:35,createBaseEmailTemplate
FN:152,createStatementEmailTemplate
FN:188,createReplyNotificationEmail
FN:233,createInvitationEmail
FN:264,createStatementUpdateEmail
FNF:6
FNH:0
FNDA:0,getBaseUrl
FNDA:0,createBaseEmailTemplate
FNDA:0,createStatementEmailTemplate
FNDA:0,createReplyNotificationEmail
FNDA:0,createInvitationEmail
FNDA:0,createStatementUpdateEmail
DA:1,0
DA:5,0
DA:7,0
DA:9,0
DA:11,0
DA:13,0
DA:15,0
DA:17,0
DA:43,0
DA:44,0
DA:46,0
DA:136,0
DA:138,0
DA:152,0
DA:165,0
DA:166,0
DA:168,0
DA:176,0
DA:177,0
DA:179,0
DA:188,0
DA:199,0
DA:201,0
DA:205,0
DA:210,0
DA:218,0
DA:220,0
DA:233,0
DA:246,0
DA:250,0
DA:264,0
DA:277,0
DA:278,0
DA:281,0
DA:282,0
DA:284,0
DA:286,0
DA:287,0
DA:288,0
DA:289,0
DA:291,0
DA:292,0
DA:293,0
DA:294,0
DA:296,0
DA:297,0
DA:301,0
LF:47
LH:0
BRDA:5,0,0,0
BRDA:5,0,1,0
BRDA:9,1,0,0
BRDA:9,1,1,0
BRDA:9,1,2,0
BRDA:9,1,3,0
BRDA:36,2,0,0
BRDA:38,3,0,0
BRDA:40,4,0,0
BRDA:41,5,0,0
BRDA:44,6,0,0
BRDA:44,6,1,0
BRDA:121,7,0,0
BRDA:121,7,1,0
BRDA:153,8,0,0
BRDA:156,9,0,0
BRDA:191,10,0,0
BRDA:201,11,0,0
BRDA:201,11,1,0
BRDA:222,12,0,0
BRDA:222,12,1,0
BRDA:235,13,0,0
BRDA:246,14,0,0
BRDA:246,14,1,0
BRDA:252,15,0,0
BRDA:252,15,1,0
BRDA:266,16,0,0
BRDA:281,17,0,0
BRDA:281,17,1,0
BRDA:284,18,0,0
BRDA:284,18,1,0
BRDA:284,18,2,0
BRDA:286,19,0,0
BRDA:286,19,1,0
BRDA:291,20,0,0
BRDA:291,20,1,0
BRDA:296,21,0,0
BRDA:296,21,1,0
BRF:38
BRH:0
end_of_record
TN:
SF:src/fn_agree.ts
FN:12,updateAgrees
FN:42,(anonymous_1)
FN:69,agreeDisagreeDifferences
FNF:3
FNH:0
FNDA:0,updateAgrees
FNDA:0,(anonymous_1)
FNDA:0,agreeDisagreeDifferences
DA:1,1
DA:2,1
DA:3,1
DA:10,1
DA:12,1
DA:20,0
DA:22,0
DA:23,0
DA:24,0
DA:26,0
DA:27,0
DA:29,0
DA:34,0
DA:39,0
DA:42,0
DA:43,0
DA:44,0
DA:46,0
DA:47,0
DA:49,0
DA:50,0
DA:51,0
DA:53,0
DA:62,0
DA:65,0
DA:69,1
DA:73,0
DA:74,0
DA:75,0
DA:77,0
DA:82,0
DA:84,0
LF:32
LH:6
BRDA:20,0,0,0
BRDA:26,1,0,0
BRDA:26,1,1,0
BRDA:26,2,0,0
BRDA:26,2,1,0
BRDA:26,3,0,0
BRDA:26,3,1,0
BRDA:26,4,0,0
BRDA:26,4,1,0
BRDA:27,5,0,0
BRDA:27,5,1,0
BRDA:27,6,0,0
BRDA:27,6,1,0
BRDA:27,7,0,0
BRDA:27,7,1,0
BRDA:27,8,0,0
BRDA:27,8,1,0
BRDA:44,9,0,0
BRDA:46,10,0,0
BRDA:46,10,1,0
BRDA:46,11,0,0
BRDA:46,11,1,0
BRDA:46,12,0,0
BRDA:46,12,1,0
BRDA:46,13,0,0
BRDA:46,13,1,0
BRDA:46,14,0,0
BRDA:46,14,1,0
BRDA:47,15,0,0
BRDA:47,15,1,0
BRDA:47,16,0,0
BRDA:47,16,1,0
BRDA:47,17,0,0
BRDA:47,17,1,0
BRDA:47,18,0,0
BRDA:47,18,1,0
BRDA:47,19,0,0
BRDA:47,19,1,0
BRDA:57,20,0,0
BRDA:57,20,1,0
BRF:40
BRH:0
end_of_record
TN:
SF:src/fn_approval.ts
FN:8,updateApprovalResults
FN:48,(anonymous_1)
FN:60,(anonymous_2)
FN:116,getAverageApproval
FN:127,(anonymous_4)
FN:183,(anonymous_5)
FN:189,getAction
FNF:7
FNH:1
FNDA:0,updateApprovalResults
FNDA:0,(anonymous_1)
FNDA:0,(anonymous_2)
FNDA:0,getAverageApproval
FNDA:0,(anonymous_4)
FNDA:1,(anonymous_5)
FNDA:0,getAction
DA:1,1
DA:2,1
DA:3,1
DA:4,1
DA:8,1
DA:16,0
DA:18,0
DA:19,0
DA:21,0
DA:23,0
DA:24,0
DA:29,0
DA:31,0
DA:33,0
DA:34,0
DA:36,0
DA:37,0
DA:38,0
DA:39,0
DA:40,0
DA:41,0
DA:42,0
DA:43,0
DA:44,0
DA:45,0
DA:46,0
DA:48,0
DA:49,0
DA:50,0
DA:51,0
DA:52,0
DA:55,0
DA:60,0
DA:61,0
DA:62,0
DA:65,0
DA:66,0
DA:68,0
DA:69,0
DA:74,0
DA:80,0
DA:86,0
DA:89,0
DA:91,0
DA:93,0
DA:96,0
DA:102,0
DA:108,0
DA:110,0
DA:112,0
DA:117,0
DA:118,0
DA:120,0
DA:122,0
DA:127,0
DA:128,0
DA:129,0
DA:132,0
DA:133,0
DA:135,0
DA:140,0
DA:142,0
DA:147,0
DA:153,0
DA:155,0
DA:157,0
DA:159,0
DA:162,0
DA:169,0
DA:173,0
DA:175,0
DA:179,0
DA:183,1
DA:184,1
DA:185,1
DA:186,1
DA:189,1
DA:197,0
DA:199,0
DA:200,0
DA:201,0
DA:203,0
DA:204,0
DA:205,0
DA:209,0
DA:210,0
DA:214,0
DA:217,0
DA:219,0
DA:221,0
LF:90
LH:10
BRDA:16,0,0,0
BRDA:21,1,0,0
BRDA:29,2,0,0
BRDA:29,2,1,0
BRDA:36,3,0,0
BRDA:36,3,1,0
BRDA:39,4,0,0
BRDA:39,4,1,0
BRDA:40,5,0,0
BRDA:40,5,1,0
BRDA:43,6,0,0
BRDA:43,6,1,0
BRDA:44,7,0,0
BRDA:49,8,0,0
BRDA:49,8,1,0
BRDA:49,9,0,0
BRDA:49,9,1,0
BRDA:51,10,0,0
BRDA:51,11,0,0
BRDA:51,11,1,0
BRDA:68,12,0,0
BRDA:70,13,0,0
BRDA:70,13,1,0
BRDA:94,14,0,0
BRDA:94,14,1,0
BRDA:142,15,0,0
BRDA:142,15,1,0
BRDA:142,16,0,0
BRDA:142,16,1,0
BRDA:153,17,0,0
BRDA:160,18,0,0
BRDA:160,18,1,0
BRDA:183,19,0,1
BRDA:183,19,1,1
BRDA:197,20,0,0
BRDA:200,21,0,0
BRDA:200,22,0,0
BRDA:200,22,1,0
BRDA:203,23,0,0
BRDA:203,23,1,0
BRDA:203,24,0,0
BRDA:203,24,1,0
BRDA:205,25,0,0
BRDA:205,25,1,0
BRDA:206,26,0,0
BRDA:206,26,1,0
BRDA:210,27,0,0
BRDA:211,28,0,0
BRDA:211,28,1,0
BRF:49
BRH:2
end_of_record
TN:
SF:src/fn_clusters.ts
FN:18,(anonymous_0)
FN:30,getCluster
FN:42,(anonymous_2)
FN:42,(anonymous_3)
FN:66,(anonymous_4)
FN:121,(anonymous_5)
FN:141,(anonymous_6)
FN:165,convertStringToJson
FN:184,(anonymous_8)
FN:203,(anonymous_9)
FN:206,(anonymous_10)
FN:215,(anonymous_11)
FNF:12
FNH:0
FNDA:0,(anonymous_0)
FNDA:0,getCluster
FNDA:0,(anonymous_2)
FNDA:0,(anonymous_3)
FNDA:0,(anonymous_4)
FNDA:0,(anonymous_5)
FNDA:0,(anonymous_6)
FNDA:0,convertStringToJson
FNDA:0,(anonymous_8)
FNDA:0,(anonymous_9)
FNDA:0,(anonymous_10)
FNDA:0,(anonymous_11)
DA:1,1
DA:2,1
DA:3,1
DA:4,1
DA:5,1
DA:18,1
DA:19,0
DA:20,0
DA:21,0
DA:24,0
DA:26,0
DA:30,1
DA:31,0
DA:33,0
DA:34,0
DA:35,0
DA:38,0
DA:42,0
DA:44,0
DA:46,0
DA:48,0
DA:50,0
DA:52,0
DA:53,0
DA:55,0
DA:58,0
DA:60,0
DA:61,0
DA:63,0
DA:66,0
DA:71,0
DA:73,0
DA:97,0
DA:98,0
DA:99,0
DA:101,0
DA:102,0
DA:104,0
DA:105,0
DA:106,0
DA:110,0
DA:118,0
DA:121,0
DA:122,0
DA:123,0
DA:124,0
DA:126,0
DA:140,0
DA:141,0
DA:142,0
DA:143,0
DA:150,0
DA:151,0
DA:153,0
DA:154,0
DA:155,0
DA:157,0
DA:160,0
DA:166,0
DA:168,0
DA:169,0
DA:170,0
DA:172,0
DA:175,0
DA:178,0
DA:179,0
DA:184,1
DA:185,0
DA:186,0
DA:187,0
DA:188,0
DA:191,0
DA:192,0
DA:194,0
DA:195,0
DA:198,0
DA:201,0
DA:202,0
DA:203,0
DA:204,0
DA:206,0
DA:207,0
DA:208,0
DA:215,0
DA:216,0
DA:217,0
DA:220,0
DA:221,0
DA:223,0
DA:225,0
LF:90
LH:8
BRDA:20,0,0,0
BRDA:34,1,0,0
BRDA:34,2,0,0
BRDA:34,2,1,0
BRDA:46,3,0,0
BRDA:46,4,0,0
BRDA:46,4,1,0
BRDA:52,5,0,0
BRDA:52,6,0,0
BRDA:52,6,1,0
BRDA:58,7,0,0
BRDA:58,8,0,0
BRDA:58,8,1,0
BRDA:98,9,0,0
BRDA:105,10,0,0
BRDA:105,11,0,0
BRDA:105,11,1,0
BRDA:131,12,0,0
BRDA:131,12,1,0
BRDA:145,13,0,0
BRDA:145,13,1,0
BRDA:160,14,0,0
BRDA:160,14,1,0
BRDA:187,15,0,0
BRDA:187,16,0,0
BRDA:187,16,1,0
BRDA:194,17,0,0
BRDA:210,18,0,0
BRDA:210,18,1,0
BRDA:225,19,0,0
BRDA:225,19,1,0
BRF:31
BRH:0
end_of_record
TN:
SF:src/fn_containsBadLanguage.ts
FN:3,getGenAI
FN:10,containsBadLanguage
FNF:2
FNH:0
FNDA:0,getGenAI
FNDA:0,containsBadLanguage
DA:1,0
DA:4,0
DA:5,0
DA:7,0
DA:10,0
DA:11,0
DA:12,0
DA:14,0
DA:19,0
DA:20,0
DA:22,0
DA:24,0
DA:26,0
LF:13
LH:0
BRDA:5,0,0,0
BRF:1
BRH:0
end_of_record
TN:
SF:src/fn_evaluation.ts
FN:31,(anonymous_0)
FN:58,newEvaluation
FN:107,deleteEvaluation
FN:140,updateEvaluation
FN:188,updateStatementEvaluation
FN:222,updateStatementInTransaction
FN:228,(anonymous_6)
FN:245,calculateEvaluation
FN:271,calcAgreement
FN:288,calcDiffEvaluation
FN:327,updateChosenOptions
FN:347,getSnapshotFromEvent
FN:357,updateParentStatementWithTotalEvaluators
FN:371,checkFirstEvaluation
FN:386,updateParentWithNewEvaluatorCount
FN:402,updateParentStatementWithChosenOptions
FN:424,getParentStatement
FN:439,updateParentWithResults
FN:452,choseTopOptions
FN:472,clearPreviousChosenOptions
FN:480,(anonymous_20)
FN:491,markOptionsAsChosen
FN:495,(anonymous_22)
FN:502,getSortedOptions
FN:506,(anonymous_24)
FN:507,(anonymous_25)
FN:508,(anonymous_26)
FN:509,(anonymous_27)
FN:515,getOptionsUsingMethod
FN:530,(anonymous_29)
FN:538,(anonymous_30)
FN:544,getEvaluationField
FNF:32
FNH:1
FNDA:1,(anonymous_0)
FNDA:0,newEvaluation
FNDA:0,deleteEvaluation
FNDA:0,updateEvaluation
FNDA:0,updateStatementEvaluation
FNDA:0,updateStatementInTransaction
FNDA:0,(anonymous_6)
FNDA:0,calculateEvaluation
FNDA:0,calcAgreement
FNDA:0,calcDiffEvaluation
FNDA:0,updateChosenOptions
FNDA:0,getSnapshotFromEvent
FNDA:0,updateParentStatementWithTotalEvaluators
FNDA:0,checkFirstEvaluation
FNDA:0,updateParentWithNewEvaluatorCount
FNDA:0,updateParentStatementWithChosenOptions
FNDA:0,getParentStatement
FNDA:0,updateParentWithResults
FNDA:0,choseTopOptions
FNDA:0,clearPreviousChosenOptions
FNDA:0,(anonymous_20)
FNDA:0,markOptionsAsChosen
FNDA:0,(anonymous_22)
FNDA:0,getSortedOptions
FNDA:0,(anonymous_24)
FNDA:0,(anonymous_25)
FNDA:0,(anonymous_26)
FNDA:0,(anonymous_27)
FNDA:0,getOptionsUsingMethod
FNDA:0,(anonymous_29)
FNDA:0,(anonymous_30)
FNDA:0,getEvaluationField
DA:1,1
DA:2,1
DA:3,1
DA:9,1
DA:21,1
DA:22,1
DA:31,1
DA:32,1
DA:33,1
DA:34,1
DA:58,1
DA:59,0
DA:61,0
DA:62,0
DA:63,0
DA:65,0
DA:66,0
DA:69,0
DA:70,0
DA:73,0
DA:88,0
DA:89,0
DA:92,0
DA:95,0
DA:99,0
DA:102,0
DA:107,1
DA:108,0
DA:109,0
DA:110,0
DA:111,0
DA:113,0
DA:114,0
DA:117,0
DA:128,0
DA:129,0
DA:132,0
DA:135,0
DA:140,1
DA:141,0
DA:142,0
DA:143,0
DA:145,0
DA:146,0
DA:148,0
DA:149,0
DA:152,0
DA:153,0
DA:156,0
DA:166,0
DA:167,0
DA:170,0
DA:173,0
DA:177,0
DA:180,0
DA:189,0
DA:191,0
DA:192,0
DA:193,0
DA:196,0
DA:199,0
DA:203,0
DA:206,0
DA:207,0
DA:209,0
DA:212,0
DA:214,0
DA:228,0
DA:229,0
DA:230,0
DA:231,0
DA:233,0
DA:235,0
DA:246,0
DA:254,0
DA:255,0
DA:256,0
DA:257,0
DA:258,0
DA:261,0
DA:262,0
DA:264,0
DA:272,0
DA:273,0
DA:274,0
DA:276,0
DA:278,0
DA:280,0
DA:282,0
DA:284,0
DA:293,0
DA:294,0
DA:295,0
DA:297,0
DA:299,0
DA:304,0
DA:309,0
DA:314,0
DA:317,0
DA:319,0
DA:327,1
DA:328,0
DA:329,0
DA:330,0
DA:332,0
DA:333,0
DA:335,0
DA:336,0
DA:338,0
DA:339,0
DA:343,0
DA:348,0
DA:350,0
DA:351,0
DA:354,0
DA:358,0
DA:361,0
DA:363,0
DA:365,0
DA:368,0
DA:372,0
DA:373,0
DA:374,0
DA:375,0
DA:378,0
DA:380,0
DA:382,0
DA:387,0
DA:388,0
DA:389,0
DA:392,0
DA:393,0
DA:397,0
DA:403,0
DA:405,0
DA:406,0
DA:408,0
DA:409,0
DA:411,0
DA:414,0
DA:416,0
DA:417,0
DA:420,0
DA:425,0
DA:426,0
DA:428,0
DA:429,0
DA:432,0
DA:433,0
DA:436,0
DA:440,0
DA:442,0
DA:453,0
DA:454,0
DA:456,0
DA:457,0
DA:458,0
DA:461,0
DA:462,0
DA:464,0
DA:466,0
DA:468,0
DA:473,0
DA:474,0
DA:476,0
DA:477,0
DA:479,0
DA:480,0
DA:481,0
DA:484,0
DA:486,0
DA:492,0
DA:493,0
DA:495,0
DA:496,0
DA:499,0
DA:503,0
DA:505,0
DA:506,0
DA:507,0
DA:508,0
DA:509,0
DA:512,0
DA:516,0
DA:517,0
DA:519,0
DA:524,0
DA:525,0
DA:530,0
DA:533,0
DA:534,0
DA:538,0
DA:541,0
DA:545,0
DA:552,0
LF:195
LH:14
BRDA:31,0,0,1
BRDA:31,0,1,1
BRDA:63,1,0,0
BRDA:63,1,1,0
BRDA:63,2,0,0
BRDA:63,2,1,0
BRDA:65,3,0,0
BRDA:69,4,0,0
BRDA:88,5,0,0
BRDA:97,6,0,0
BRDA:97,6,1,0
BRDA:111,7,0,0
BRDA:111,7,1,0
BRDA:111,8,0,0
BRDA:111,8,1,0
BRDA:113,9,0,0
BRDA:128,10,0,0
BRDA:146,11,0,0
BRDA:146,11,1,0
BRDA:146,12,0,0
BRDA:146,12,1,0
BRDA:148,13,0,0
BRDA:152,14,0,0
BRDA:166,15,0,0
BRDA:175,16,0,0
BRDA:175,16,1,0
BRDA:189,17,0,0
BRDA:192,18,0,0
BRDA:246,19,0,0
BRDA:246,19,1,0
BRDA:247,20,0,0
BRDA:247,20,1,0
BRDA:249,21,0,0
BRDA:249,21,1,0
BRDA:254,22,0,0
BRDA:257,23,0,0
BRDA:257,23,1,0
BRDA:258,24,0,0
BRDA:258,24,1,0
BRDA:276,25,0,0
BRDA:297,26,0,0
BRDA:297,26,1,0
BRDA:297,26,2,0
BRDA:297,26,3,0
BRDA:330,27,0,0
BRDA:330,28,0,0
BRDA:330,28,1,0
BRDA:330,29,0,0
BRDA:330,29,1,0
BRDA:333,30,0,0
BRDA:333,31,0,0
BRDA:333,31,1,0
BRDA:336,32,0,0
BRDA:348,33,0,0
BRDA:350,34,0,0
BRDA:363,35,0,0
BRDA:374,36,0,0
BRDA:388,37,0,0
BRDA:403,38,0,0
BRDA:408,39,0,0
BRDA:416,40,0,0
BRDA:428,41,0,0
BRDA:432,42,0,0
BRDA:457,43,0,0
BRDA:457,44,0,0
BRDA:457,44,1,0
BRDA:457,45,0,0
BRDA:457,45,1,0
BRDA:474,46,0,0
BRDA:507,47,0,0
BRDA:507,47,1,0
BRDA:507,48,0,0
BRDA:507,48,1,0
BRDA:507,49,0,0
BRDA:507,49,1,0
BRDA:507,50,0,0
BRDA:507,50,1,0
BRDA:507,51,0,0
BRDA:507,51,1,0
BRDA:507,52,0,0
BRDA:507,52,1,0
BRDA:507,53,0,0
BRDA:507,53,1,0
BRDA:507,54,0,0
BRDA:507,54,1,0
BRDA:508,55,0,0
BRDA:508,55,1,0
BRDA:508,56,0,0
BRDA:508,56,1,0
BRDA:508,57,0,0
BRDA:508,57,1,0
BRDA:508,58,0,0
BRDA:508,58,1,0
BRDA:508,59,0,0
BRDA:508,59,1,0
BRDA:508,60,0,0
BRDA:508,60,1,0
BRDA:508,61,0,0
BRDA:508,61,1,0
BRDA:508,62,0,0
BRDA:508,62,1,0
BRDA:512,63,0,0
BRDA:512,63,1,0
BRDA:524,64,0,0
BRDA:533,65,0,0
BRDA:552,66,0,0
BRDA:552,66,1,0
BRF:107
BRH:2
end_of_record
TN:
SF:src/fn_findSimilarStatements.ts
FN:20,findSimilarStatements
FN:69,(anonymous_1)
FNF:2
FNH:0
FNDA:0,findSimilarStatements
FNDA:0,(anonymous_1)
DA:2,1
DA:6,1
DA:20,1
DA:24,0
DA:25,0
DA:26,0
DA:28,0
DA:29,0
DA:31,0
DA:32,0
DA:37,0
DA:40,0
DA:41,0
DA:42,0
DA:46,0
DA:50,0
DA:51,0
DA:53,0
DA:55,0
DA:56,0
DA:61,0
DA:64,0
DA:68,0
DA:69,0
DA:75,0
DA:82,0
DA:85,0
DA:91,0
DA:93,0
DA:94,0
DA:96,0
LF:31
LH:3
BRDA:31,0,0,0
BRDA:31,1,0,0
BRDA:31,1,1,0
BRDA:41,2,0,0
BRDA:53,3,0,0
BRDA:53,3,1,0
BRDA:53,4,0,0
BRDA:53,4,1,0
BRDA:53,5,0,0
BRDA:53,5,1,0
BRDA:53,6,0,0
BRDA:53,6,1,0
BRDA:55,7,0,0
BRDA:88,8,0,0
BRDA:88,8,1,0
BRDA:88,9,0,0
BRDA:88,9,1,0
BRDA:88,10,0,0
BRDA:88,10,1,0
BRF:19
BRH:0
end_of_record
TN:
SF:src/fn_httpRequests_refactored.ts
FN:10,(anonymous_0)
FN:13,(anonymous_1)
FN:16,(anonymous_2)
FN:20,(anonymous_3)
FN:23,(anonymous_4)
FN:26,(anonymous_5)
FN:29,(anonymous_6)
FNF:7
FNH:0
FNDA:0,(anonymous_0)
FNDA:0,(anonymous_1)
FNDA:0,(anonymous_2)
FNDA:0,(anonymous_3)
FNDA:0,(anonymous_4)
FNDA:0,(anonymous_5)
FNDA:0,(anonymous_6)
DA:2,0
DA:3,0
DA:6,0
DA:7,0
DA:10,0
DA:11,0
DA:13,0
DA:14,0
DA:16,0
DA:17,0
DA:20,0
DA:21,0
DA:23,0
DA:24,0
DA:26,0
DA:27,0
DA:29,0
DA:30,0
LF:18
LH:0
BRF:0
BRH:0
end_of_record
TN:
SF:src/fn_importance.ts
FN:9,setImportanceToStatement
FN:26,(anonymous_1)
FNF:2
FNH:0
FNDA:0,setImportanceToStatement
FNDA:0,(anonymous_1)
DA:1,1
DA:2,1
DA:3,1
DA:4,1
DA:5,1
DA:9,1
DA:12,0
DA:14,0
DA:15,0
DA:18,0
DA:22,0
DA:24,0
DA:26,0
DA:27,0
DA:28,0
DA:29,0
DA:31,0
DA:34,0
DA:35,0
DA:36,0
DA:37,0
DA:38,0
DA:39,0
DA:43,0
DA:44,0
DA:58,0
DA:61,0
DA:66,0
DA:67,0
DA:69,0
DA:70,0
DA:72,0
DA:75,0
DA:86,0
DA:88,0
DA:90,0
LF:36
LH:6
BRDA:12,0,0,0
BRDA:12,1,0,0
BRDA:12,1,1,0
BRDA:12,2,0,0
BRDA:12,2,1,0
BRDA:22,3,0,0
BRDA:22,3,1,0
BRDA:22,4,0,0
BRDA:22,4,1,0
BRDA:22,5,0,0
BRDA:22,5,1,0
BRDA:23,6,0,0
BRDA:23,6,1,0
BRDA:23,7,0,0
BRDA:23,7,1,0
BRDA:24,8,0,0
BRDA:27,9,0,0
BRDA:27,10,0,0
BRDA:27,10,1,0
BRDA:28,11,0,0
BRDA:29,12,0,0
BRDA:36,13,0,0
BRDA:38,14,0,0
BRDA:43,15,0,0
BRDA:43,15,1,0
BRDA:43,16,0,0
BRDA:43,16,1,0
BRDA:43,17,0,0
BRDA:43,17,1,0
BRDA:43,18,0,0
BRDA:43,18,1,0
BRDA:43,19,0,0
BRDA:43,19,1,0
BRDA:44,20,0,0
BRDA:69,21,0,0
BRDA:69,21,1,0
BRDA:69,22,0,0
BRDA:69,22,1,0
BRDA:69,23,0,0
BRDA:69,23,1,0
BRDA:70,24,0,0
BRDA:70,24,1,0
BRDA:70,25,0,0
BRDA:70,25,1,0
BRDA:70,26,0,0
BRDA:70,26,1,0
BRF:46
BRH:0
end_of_record
TN:
SF:src/fn_massConsensus.ts
FN:6,(anonymous_0)
FN:44,(anonymous_1)
FN:72,addOptionToMassConsensus
FN:81,(anonymous_3)
FN:107,removeOptionFromMassConsensus
FN:115,(anonymous_5)
FN:136,updateOptionInMassConsensus
FN:176,(anonymous_7)
FN:212,addMemberToMassConsensus
FN:219,(anonymous_9)
FNF:10
FNH:0
FNDA:0,(anonymous_0)
FNDA:0,(anonymous_1)
FNDA:0,addOptionToMassConsensus
FNDA:0,(anonymous_3)
FNDA:0,removeOptionFromMassConsensus
FNDA:0,(anonymous_5)
FNDA:0,updateOptionInMassConsensus
FNDA:0,(anonymous_7)
FNDA:0,addMemberToMassConsensus
FNDA:0,(anonymous_9)
DA:1,1
DA:2,1
DA:3,1
DA:4,1
DA:6,1
DA:7,0
DA:8,0
DA:10,0
DA:11,0
DA:15,0
DA:17,0
DA:20,0
DA:25,0
DA:26,0
DA:27,0
DA:28,0
DA:30,0
DA:33,0
DA:36,0
DA:37,0
DA:38,0
DA:40,0
DA:44,1
DA:45,0
DA:46,0
DA:48,0
DA:49,0
DA:51,0
DA:54,0
DA:60,0
DA:62,0
DA:65,0
DA:66,0
DA:67,0
DA:72,1
DA:73,0
DA:75,0
DA:76,0
DA:77,0
DA:79,0
DA:81,0
DA:82,0
DA:83,0
DA:84,0
DA:87,0
DA:88,0
DA:89,0
DA:93,0
DA:99,0
DA:101,0
DA:107,1
DA:108,0
DA:109,0
DA:110,0
DA:111,0
DA:113,0
DA:115,0
DA:116,0
DA:117,0
DA:118,0
DA:121,0
DA:122,0
DA:123,0
DA:129,0
DA:131,0
DA:136,1
DA:137,0
DA:139,0
DA:140,0
DA:141,0
DA:143,0
DA:146,0
DA:147,0
DA:149,0
DA:153,0
DA:155,0
DA:157,0
DA:163,0
DA:164,0
DA:166,0
DA:169,0
DA:171,0
DA:174,0
DA:176,0
DA:177,0
DA:178,0
DA:179,0
DA:182,0
DA:184,0
DA:186,0
DA:187,0
DA:191,0
DA:195,0
DA:197,0
DA:198,0
DA:205,0
DA:207,0
DA:212,1
DA:213,0
DA:214,0
DA:215,0
DA:216,0
DA:217,0
DA:219,0
DA:220,0
DA:221,0
DA:222,0
DA:225,0
DA:226,0
DA:228,0
DA:232,0
DA:239,0
DA:241,0
LF:113
LH:10
BRDA:10,0,0,0
BRDA:10,1,0,0
BRDA:10,1,1,0
BRDA:10,2,0,0
BRDA:10,2,1,0
BRDA:26,3,0,0
BRDA:36,4,0,0
BRDA:36,4,1,0
BRDA:48,5,0,0
BRDA:48,6,0,0
BRDA:48,6,1,0
BRDA:48,6,2,0
BRDA:48,6,3,0
BRDA:48,7,0,0
BRDA:48,7,1,0
BRDA:48,8,0,0
BRDA:48,8,1,0
BRDA:48,9,0,0
BRDA:48,9,1,0
BRDA:48,10,0,0
BRDA:48,10,1,0
BRDA:65,11,0,0
BRDA:65,11,1,0
BRDA:75,12,0,0
BRDA:75,12,1,0
BRDA:75,13,0,0
BRDA:75,13,1,0
BRDA:75,14,0,0
BRDA:75,14,1,0
BRDA:76,15,0,0
BRDA:77,16,0,0
BRDA:83,17,0,0
BRDA:88,18,0,0
BRDA:88,18,1,0
BRDA:88,19,0,0
BRDA:88,19,1,0
BRDA:109,20,0,0
BRDA:109,20,1,0
BRDA:109,21,0,0
BRDA:109,21,1,0
BRDA:109,22,0,0
BRDA:109,22,1,0
BRDA:110,23,0,0
BRDA:111,24,0,0
BRDA:117,25,0,0
BRDA:122,26,0,0
BRDA:122,27,0,0
BRDA:122,27,1,0
BRDA:122,27,2,0
BRDA:139,28,0,0
BRDA:139,28,1,0
BRDA:140,29,0,0
BRDA:140,29,1,0
BRDA:140,30,0,0
BRDA:140,30,1,0
BRDA:140,31,0,0
BRDA:140,31,1,0
BRDA:141,32,0,0
BRDA:141,32,1,0
BRDA:141,33,0,0
BRDA:141,33,1,0
BRDA:141,34,0,0
BRDA:141,34,1,0
BRDA:143,35,0,0
BRDA:143,36,0,0
BRDA:143,36,1,0
BRDA:146,37,0,0
BRDA:155,38,0,0
BRDA:157,39,0,0
BRDA:157,39,1,0
BRDA:157,39,2,0
BRDA:157,39,3,0
BRDA:163,40,0,0
BRDA:178,41,0,0
BRDA:184,42,0,0
BRDA:184,42,1,0
BRDA:184,43,0,0
BRDA:184,43,1,0
BRDA:186,44,0,0
BRDA:186,44,1,0
BRDA:186,45,0,0
BRDA:186,45,1,0
BRDA:195,46,0,0
BRDA:195,47,0,0
BRDA:195,47,1,0
BRDA:197,48,0,0
BRDA:197,49,0,0
BRDA:197,49,1,0
BRDA:197,49,2,0
BRDA:214,50,0,0
BRDA:216,51,0,0
BRDA:221,52,0,0
BRDA:226,53,0,0
BRDA:226,53,1,0
BRDA:226,54,0,0
BRDA:226,54,1,0
BRDA:226,55,0,0
BRDA:226,55,1,0
BRF:98
BRH:0
end_of_record
TN:
SF:src/fn_notifications.backup.ts
FN:21,updateInAppNotifications
FN:34,(anonymous_10)
FN:68,(anonymous_11)
FN:78,(anonymous_12)
FN:88,(anonymous_13)
FN:121,fetchNotificationData
FN:146,processInAppNotifications
FN:156,(anonymous_16)
FN:194,processFcmNotifications
FN:201,(anonymous_18)
FN:224,(anonymous_19)
FN:233,(anonymous_20)
FNF:12
FNH:0
FNDA:0,updateInAppNotifications
FNDA:0,(anonymous_10)
FNDA:0,(anonymous_11)
FNDA:0,(anonymous_12)
FNDA:0,(anonymous_13)
FNDA:0,fetchNotificationData
FNDA:0,processInAppNotifications
FNDA:0,(anonymous_16)
FNDA:0,processFcmNotifications
FNDA:0,(anonymous_18)
FNDA:0,(anonymous_19)
FNDA:0,(anonymous_20)
DA:1,0
DA:9,0
DA:10,0
DA:11,0
DA:14,0
DA:21,0
DA:24,0
DA:26,0
DA:27,0
DA:31,0
DA:33,0
DA:34,0
DA:36,0
DA:42,0
DA:43,0
DA:45,0
DA:46,0
DA:47,0
DA:50,0
DA:51,0
DA:53,0
DA:57,0
DA:61,0
DA:67,0
DA:68,0
DA:74,0
DA:75,0
DA:79,0
DA:80,0
DA:82,0
DA:84,0
DA:87,0
DA:89,0
DA:91,0
DA:99,0
DA:108,0
DA:113,0
DA:115,0
DA:123,0
DA:128,0
DA:132,0
DA:136,0
DA:153,0
DA:156,0
DA:157,0
DA:162,0
DA:165,0
DA:180,0
DA:183,0
DA:198,0
DA:200,0
DA:202,0
DA:203,0
DA:221,0
DA:224,0
DA:227,0
DA:228,0
DA:229,0
DA:230,0
DA:231,0
DA:232,0
DA:233,0
DA:236,0
LF:63
LH:0
BRDA:26,0,0,0
BRDA:26,0,1,0
BRDA:26,1,0,0
BRDA:26,1,1,0
BRDA:43,2,0,0
BRDA:46,3,0,0
BRDA:46,3,1,0
BRDA:50,4,0,0
BRDA:50,4,1,0
BRDA:57,5,0,0
BRDA:58,6,0,0
BRDA:58,6,1,0
BRDA:79,7,0,0
BRDA:102,8,0,0
BRDA:102,8,1,0
BRDA:162,9,0,0
BRDA:162,9,1,0
BRDA:162,10,0,0
BRDA:162,10,1,0
BRDA:162,11,0,0
BRDA:162,11,1,0
BRDA:162,12,0,0
BRDA:162,12,1,0
BRDA:198,13,0,0
BRDA:202,14,0,0
BRDA:202,14,1,0
BRDA:202,15,0,0
BRDA:202,15,1,0
BRDA:209,16,0,0
BRDA:209,16,1,0
BRDA:230,17,0,0
BRF:31
BRH:0
end_of_record
TN:
SF:src/fn_notifications.ts
FN:37,updateInAppNotifications
FN:50,(anonymous_10)
FN:61,(anonymous_11)
FN:64,(anonymous_12)
FN:72,(anonymous_13)
FN:90,(anonymous_14)
FN:101,(anonymous_15)
FN:108,(anonymous_16)
FN:111,(anonymous_17)
FN:112,(anonymous_18)
FN:121,(anonymous_19)
FN:123,(anonymous_20)
FN:166,fetchNotificationData
FN:195,processInAppNotifications
FN:205,(anonymous_23)
FN:242,validateTokens
FN:247,(anonymous_25)
FN:290,removeInvalidTokens
FN:314,processFcmNotificationsImproved
FN:346,(anonymous_28)
FN:356,(anonymous_29)
FN:385,(anonymous_30)
FN:395,sendBatchWithRetry
FN:426,(anonymous_32)
FN:432,(anonymous_33)
FN:469,(anonymous_34)
FNF:26
FNH:0
FNDA:0,updateInAppNotifications
FNDA:0,(anonymous_10)
FNDA:0,(anonymous_11)
FNDA:0,(anonymous_12)
FNDA:0,(anonymous_13)
FNDA:0,(anonymous_14)
FNDA:0,(anonymous_15)
FNDA:0,(anonymous_16)
FNDA:0,(anonymous_17)
FNDA:0,(anonymous_18)
FNDA:0,(anonymous_19)
FNDA:0,(anonymous_20)
FNDA:0,fetchNotificationData
FNDA:0,processInAppNotifications
FNDA:0,(anonymous_23)
FNDA:0,validateTokens
FNDA:0,(anonymous_25)
FNDA:0,removeInvalidTokens
FNDA:0,processFcmNotificationsImproved
FNDA:0,(anonymous_28)
FNDA:0,(anonymous_29)
FNDA:0,(anonymous_30)
FNDA:0,sendBatchWithRetry
FNDA:0,(anonymous_32)
FNDA:0,(anonymous_33)
FNDA:0,(anonymous_34)
DA:1,1
DA:9,1
DA:10,1
DA:11,1
DA:14,1
DA:37,1
DA:40,0
DA:42,0
DA:43,0
DA:47,0
DA:49,0
DA:50,0
DA:52,0
DA:58,0
DA:59,0
DA:61,0
DA:64,0
DA:65,0
DA:71,0
DA:72,0
DA:77,0
DA:80,0
DA:82,0
DA:86,0
DA:87,0
DA:91,0
DA:92,0
DA:94,0
DA:96,0
DA:100,0
DA:101,0
DA:105,0
DA:106,0
DA:107,0
DA:108,0
DA:111,0
DA:112,0
DA:113,0
DA:114,0
DA:120,0
DA:121,0
DA:122,0
DA:123,0
DA:124,0
DA:133,0
DA:136,0
DA:145,0
DA:152,0
DA:157,0
DA:159,0
DA:168,0
DA:175,0
DA:181,0
DA:185,0
DA:202,0
DA:205,0
DA:206,0
DA:211,0
DA:214,0
DA:233,0
DA:236,0
DA:243,0
DA:244,0
DA:247,0
DA:248,0
DA:250,0
DA:261,0
DA:263,0
DA:266,0
DA:269,0
DA:270,0
DA:273,0
DA:274,0
DA:280,0
DA:282,0
DA:284,0
DA:291,0
DA:293,0
DA:295,0
DA:297,0
DA:298,0
DA:299,0
DA:303,0
DA:304,0
DA:307,0
DA:308,0
DA:318,0
DA:324,0
DA:325,0
DA:329,0
DA:331,0
DA:332,0
DA:334,0
DA:335,0
DA:336,0
DA:337,0
DA:338,0
DA:340,0
DA:344,0
DA:345,0
DA:346,0
DA:349,0
DA:350,0
DA:352,0
DA:356,0
DA:373,0
DA:374,0
DA:375,0
DA:376,0
DA:378,0
DA:379,0
DA:380,0
DA:384,0
DA:385,0
DA:386,0
DA:389,0
DA:400,0
DA:406,0
DA:407,0
DA:408,0
DA:410,0
DA:411,0
DA:412,0
DA:416,0
DA:417,0
DA:418,0
DA:419,0
DA:420,0
DA:421,0
DA:422,0
DA:425,0
DA:426,0
DA:429,0
DA:432,0
DA:433,0
DA:436,0
DA:438,0
DA:441,0
DA:442,0
DA:447,0
DA:448,0
DA:451,0
DA:455,0
DA:456,0
DA:462,0
DA:463,0
DA:465,0
DA:467,0
DA:468,0
DA:469,0
DA:472,0
DA:476,0
DA:478,0
LF:153
LH:6
BRDA:42,0,0,0
BRDA:42,0,1,0
BRDA:42,1,0,0
BRDA:42,1,1,0
BRDA:59,2,0,0
BRDA:59,3,0,0
BRDA:59,3,1,0
BRDA:59,3,2,0
BRDA:91,4,0,0
BRDA:106,5,0,0
BRDA:106,6,0,0
BRDA:106,6,1,0
BRDA:113,7,0,0
BRDA:122,8,0,0
BRDA:122,9,0,0
BRDA:122,9,1,0
BRDA:139,10,0,0
BRDA:139,10,1,0
BRDA:211,11,0,0
BRDA:211,11,1,0
BRDA:211,12,0,0
BRDA:211,12,1,0
BRDA:211,13,0,0
BRDA:211,13,1,0
BRDA:211,14,0,0
BRDA:211,14,1,0
BRDA:263,15,0,0
BRDA:263,15,1,0
BRDA:263,16,0,0
BRDA:263,16,1,0
BRDA:266,17,0,0
BRDA:266,17,1,0
BRDA:266,18,0,0
BRDA:266,18,1,0
BRDA:266,18,2,0
BRDA:291,19,0,0
BRDA:297,20,0,0
BRDA:324,21,0,0
BRDA:329,22,0,0
BRDA:329,22,1,0
BRDA:334,23,0,0
BRDA:334,23,1,0
BRDA:344,24,0,0
BRDA:349,25,0,0
BRDA:362,26,0,0
BRDA:362,26,1,0
BRDA:384,27,0,0
BRDA:398,28,0,0
BRDA:410,29,0,0
BRDA:410,29,1,0
BRDA:425,30,0,0
BRDA:433,31,0,0
BRDA:433,31,1,0
BRDA:433,31,2,0
BRDA:436,32,0,0
BRDA:436,32,1,0
BRDA:438,33,0,0
BRDA:438,33,1,0
BRDA:438,34,0,0
BRDA:438,34,1,0
BRDA:438,34,2,0
BRDA:442,35,0,0
BRDA:442,35,1,0
BRDA:442,36,0,0
BRDA:442,36,1,0
BRDA:442,36,2,0
BRDA:442,36,3,0
BRDA:465,37,0,0
BRDA:465,38,0,0
BRDA:465,38,1,0
BRF:70
BRH:0
end_of_record
TN:
SF:src/fn_polarizationIndex.ts
FN:22,updateUserDemographicEvaluation
FN:46,(anonymous_1)
FN:71,createAxes
FN:73,(anonymous_3)
FN:74,(anonymous_4)
FN:79,(anonymous_5)
FN:80,(anonymous_6)
FN:86,(anonymous_7)
FN:89,(anonymous_8)
FN:89,(anonymous_9)
FN:90,(anonymous_10)
FN:105,(anonymous_11)
FN:107,(anonymous_12)
FN:165,fetchUserDemographicData
FN:172,(anonymous_15)
FN:175,saveUserDemographicEvaluation
FN:196,fetchAllDemographicEvaluations
FN:206,(anonymous_18)
FN:209,buildDemographicSummary
FN:211,(anonymous_20)
FN:212,(anonymous_21)
FN:219,createEmptyResult
FN:228,calcMadAndMean
FN:233,(anonymous_24)
FN:234,(anonymous_25)
FNF:25
FNH:0
FNDA:0,updateUserDemographicEvaluation
FNDA:0,(anonymous_1)
FNDA:0,createAxes
FNDA:0,(anonymous_3)
FNDA:0,(anonymous_4)
FNDA:0,(anonymous_5)
FNDA:0,(anonymous_6)
FNDA:0,(anonymous_7)
FNDA:0,(anonymous_8)
FNDA:0,(anonymous_9)
FNDA:0,(anonymous_10)
FNDA:0,(anonymous_11)
FNDA:0,(anonymous_12)
FNDA:0,fetchUserDemographicData
FNDA:0,(anonymous_15)
FNDA:0,saveUserDemographicEvaluation
FNDA:0,fetchAllDemographicEvaluations
FNDA:0,(anonymous_18)
FNDA:0,buildDemographicSummary
FNDA:0,(anonymous_20)
FNDA:0,(anonymous_21)
FNDA:0,createEmptyResult
FNDA:0,calcMadAndMean
FNDA:0,(anonymous_24)
FNDA:0,(anonymous_25)
DA:5,1
DA:6,1
DA:7,1
DA:8,1
DA:22,1
DA:24,0
DA:25,0
DA:26,0
DA:28,0
DA:29,0
DA:31,0
DA:35,0
DA:36,0
DA:38,0
DA:40,0
DA:41,0
DA:43,0
DA:46,0
DA:47,0
DA:49,0
DA:51,0
DA:64,0
DA:67,0
DA:72,0
DA:73,0
DA:74,0
DA:75,0
DA:79,0
DA:80,0
DA:82,0
DA:88,0
DA:89,0
DA:90,0
DA:92,0
DA:94,0
DA:105,0
DA:106,0
DA:107,0
DA:108,0
DA:110,0
DA:111,0
DA:114,0
DA:131,0
DA:133,0
DA:134,0
DA:135,0
DA:137,0
DA:141,0
DA:144,0
DA:145,0
DA:146,0
DA:148,0
DA:151,0
DA:157,0
DA:159,0
DA:166,0
DA:172,0
DA:181,0
DA:185,0
DA:193,0
DA:200,0
DA:206,0
DA:210,0
DA:211,0
DA:212,0
DA:220,0
DA:230,0
DA:231,0
DA:233,0
DA:234,0
DA:236,0
LF:71
LH:5
BRDA:28,0,0,0
BRDA:28,1,0,0
BRDA:28,1,1,0
BRDA:36,2,0,0
BRDA:40,3,0,0
BRDA:40,4,0,0
BRDA:40,4,1,0
BRDA:61,5,0,0
BRDA:61,5,1,0
BRDA:84,6,0,0
BRDA:84,6,1,0
BRDA:84,7,0,0
BRDA:84,7,1,0
BRDA:84,8,0,0
BRDA:84,8,1,0
BRDA:86,9,0,0
BRDA:86,9,1,0
BRDA:86,10,0,0
BRDA:86,10,1,0
BRDA:86,11,0,0
BRDA:86,11,1,0
BRDA:86,12,0,0
BRDA:86,12,1,0
BRDA:86,13,0,0
BRDA:86,13,1,0
BRDA:89,14,0,0
BRDA:89,14,1,0
BRDA:89,14,2,0
BRDA:107,15,0,0
BRDA:107,15,1,0
BRDA:107,16,0,0
BRDA:107,16,1,0
BRDA:134,17,0,0
BRDA:145,18,0,0
BRDA:172,19,0,0
BRDA:172,19,1,0
BRDA:189,20,0,0
BRDA:189,20,1,0
BRDA:206,21,0,0
BRDA:206,21,1,0
BRDA:211,22,0,0
BRDA:211,22,1,0
BRDA:230,23,0,0
BRDA:231,24,0,0
BRF:44
BRH:0
end_of_record
TN:
SF:src/fn_profanityChecker.ts
FN:4,getGenAI
FN:15,containsBadLanguage
FN:39,(anonymous_11)
FNF:3
FNH:0
FNDA:0,getGenAI
FNDA:0,containsBadLanguage
FNDA:0,(anonymous_11)
DA:1,1
DA:2,1
DA:5,0
DA:6,0
DA:7,0
DA:8,0
DA:11,0
DA:16,0
DA:17,0
DA:19,0
DA:24,0
DA:25,0
DA:27,0
DA:29,0
DA:31,0
DA:33,0
DA:38,1
DA:40,0
DA:42,0
DA:43,0
DA:45,0
DA:47,0
DA:49,0
LF:23
LH:3
BRDA:6,0,0,0
BRDA:45,1,0,0
BRDA:45,1,1,0
BRF:3
BRH:0
end_of_record
TN:
SF:src/fn_results.ts
FN:13,updateResultsSettings
FN:49,resultsByTopOptions
FN:58,(anonymous_2)
FNF:3
FNH:0
FNDA:0,updateResultsSettings
FNDA:0,resultsByTopOptions
FNDA:0,(anonymous_2)
DA:1,1
DA:2,1
DA:5,1
DA:6,1
DA:13,1
DA:21,0
DA:22,0
DA:24,0
DA:28,0
DA:30,0
DA:31,0
DA:33,0
DA:36,0
DA:41,0
DA:43,0
DA:45,0
DA:50,0
DA:52,0
DA:58,0
DA:59,0
DA:62,0
DA:64,0
DA:66,0
LF:23
LH:5
BRDA:21,0,0,0
BRDA:30,1,0,0
BRDA:31,2,0,0
BRF:3
BRH:0
end_of_record
TN:
SF:src/fn_statement_updates.ts
FN:17,(anonymous_0)
FN:49,(anonymous_1)
FN:117,(anonymous_2)
FN:127,updateParentWithLatestChildren
FN:146,(anonymous_4)
FN:175,updateParentSubscriptions
FN:201,(anonymous_6)
FN:222,(anonymous_7)
FN:252,updateTopParentSubscriptions
FN:309,(anonymous_9)
FN:327,backfillLastSubStatements
FN:342,(anonymous_11)
FNF:12
FNH:0
FNDA:0,(anonymous_0)
FNDA:0,(anonymous_1)
FNDA:0,(anonymous_2)
FNDA:0,updateParentWithLatestChildren
FNDA:0,(anonymous_4)
FNDA:0,updateParentSubscriptions
FNDA:0,(anonymous_6)
FNDA:0,(anonymous_7)
FNDA:0,updateTopParentSubscriptions
FNDA:0,(anonymous_9)
FNDA:0,backfillLastSubStatements
FNDA:0,(anonymous_11)
DA:1,1
DA:2,1
DA:3,1
DA:4,1
DA:14,1
DA:18,0
DA:19,0
DA:22,0
DA:24,0
DA:27,0
DA:31,0
DA:34,0
DA:35,0
DA:39,0
DA:46,1
DA:50,0
DA:51,0
DA:52,0
DA:55,0
DA:60,0
DA:61,0
DA:64,0
DA:65,0
DA:66,0
DA:67,0
DA:68,0
DA:69,0
DA:72,0
DA:73,0
DA:75,0
DA:80,0
DA:85,0
DA:86,0
DA:88,0
DA:91,0
DA:94,0
DA:98,0
DA:101,0
DA:102,0
DA:106,0
DA:114,1
DA:119,0
DA:121,0
DA:128,0
DA:129,0
DA:132,0
DA:139,0
DA:140,0
DA:142,0
DA:146,0
DA:147,0
DA:149,0
DA:152,0
DA:155,0
DA:161,0
DA:164,0
DA:167,0
DA:176,0
DA:178,0
DA:181,0
DA:187,0
DA:188,0
DA:190,0
DA:193,0
DA:194,0
DA:197,0
DA:200,0
DA:201,0
DA:202,0
DA:208,0
DA:209,0
DA:212,0
DA:219,1
DA:223,0
DA:224,0
DA:227,0
DA:229,0
DA:232,0
DA:236,0
DA:239,0
DA:240,0
DA:244,0
DA:253,0
DA:254,0
DA:255,0
DA:259,0
DA:263,0
DA:264,0
DA:265,0
DA:267,0
DA:270,0
DA:271,0
DA:274,0
DA:275,0
DA:277,0
DA:283,0
DA:286,0
DA:289,0
DA:295,0
DA:296,0
DA:298,0
DA:301,0
DA:302,0
DA:305,0
DA:308,0
DA:309,0
DA:310,0
DA:315,0
DA:316,0
DA:319,0
DA:327,1
DA:328,0
DA:329,0
DA:335,0
DA:337,0
DA:338,0
DA:339,0
DA:342,0
DA:345,0
DA:348,0
LF:120
LH:9
BRDA:19,0,0,0
BRDA:19,0,1,0
BRDA:19,1,0,0
BRDA:19,1,1,0
BRDA:22,2,0,0
BRDA:22,3,0,0
BRDA:22,3,1,0
BRDA:31,4,0,0
BRDA:31,5,0,0
BRDA:31,5,1,0
BRDA:31,5,2,0
BRDA:51,6,0,0
BRDA:51,6,1,0
BRDA:51,7,0,0
BRDA:51,7,1,0
BRDA:52,8,0,0
BRDA:52,8,1,0
BRDA:52,9,0,0
BRDA:52,9,1,0
BRDA:55,10,0,0
BRDA:55,11,0,0
BRDA:55,11,1,0
BRDA:55,11,2,0
BRDA:72,12,0,0
BRDA:80,13,0,0
BRDA:80,13,1,0
BRDA:80,13,2,0
BRDA:85,14,0,0
BRDA:98,15,0,0
BRDA:98,16,0,0
BRDA:98,16,1,0
BRDA:98,16,2,0
BRDA:139,17,0,0
BRDA:187,18,0,0
BRDA:193,19,0,0
BRDA:224,20,0,0
BRDA:224,20,1,0
BRDA:224,21,0,0
BRDA:224,21,1,0
BRDA:227,22,0,0
BRDA:227,23,0,0
BRDA:227,23,1,0
BRDA:236,24,0,0
BRDA:236,25,0,0
BRDA:236,25,1,0
BRDA:236,25,2,0
BRDA:264,26,0,0
BRDA:271,27,0,0
BRDA:271,27,1,0
BRDA:274,28,0,0
BRDA:295,29,0,0
BRDA:301,30,0,0
BRF:52
BRH:0
end_of_record
TN:
SF:src/fn_statements.ts
FN:19,updateNumberOfNewSubStatements
FN:77,getQuestionOptions
FN:87,(anonymous_2)
FNF:3
FNH:0
FNDA:0,updateNumberOfNewSubStatements
FNDA:0,getQuestionOptions
FNDA:0,(anonymous_2)
DA:1,1
DA:3,1
DA:8,1
DA:9,1
DA:16,1
DA:19,1
DA:27,0
DA:28,0
DA:30,0
DA:31,0
DA:33,0
DA:35,0
DA:38,0
DA:41,0
DA:46,0
DA:47,0
DA:54,0
DA:55,0
DA:56,0
DA:60,0
DA:61,0
DA:64,0
DA:67,0
DA:69,0
DA:71,0
DA:73,0
DA:77,1
DA:78,0
DA:79,0
DA:80,0
DA:82,0
DA:83,0
DA:86,0
DA:87,0
DA:89,0
DA:91,0
DA:92,0
LF:37
LH:7
BRDA:27,0,0,0
BRDA:33,1,0,0
BRDA:35,2,0,0
BRDA:43,3,0,0
BRDA:43,3,1,0
BRDA:54,4,0,0
BRDA:55,5,0,0
BRDA:80,6,0,0
BRF:8
BRH:0
end_of_record
TN:
SF:src/fn_statementsMetaData.ts
FN:12,calculateMembershipIncrement
FN:26,addOrRemoveMemberFromStatementDB
FNF:2
FNH:0
FNDA:0,calculateMembershipIncrement
FNDA:0,addOrRemoveMemberFromStatementDB
DA:1,0
DA:2,0
DA:3,0
DA:4,0
DA:17,0
DA:18,0
DA:19,0
DA:20,0
DA:23,0
DA:26,0
DA:32,0
DA:33,0
DA:35,0
DA:38,0
DA:43,0
DA:45,0
DA:46,0
DA:55,0
LF:18
LH:0
BRDA:17,0,0,0
BRDA:17,1,0,0
BRDA:17,1,1,0
BRDA:18,2,0,0
BRDA:18,3,0,0
BRDA:18,3,1,0
BRDA:19,4,0,0
BRDA:19,5,0,0
BRDA:19,5,1,0
BRDA:20,6,0,0
BRDA:20,6,1,0
BRDA:32,7,0,0
BRDA:43,8,0,0
BRF:13
BRH:0
end_of_record
TN:
SF:src/fn_subscriptions.ts
FN:24,onNewSubscription
FN:119,(anonymous_1)
FN:132,(anonymous_2)
FN:143,(anonymous_3)
FN:162,onStatementDeletionDeleteSubscriptions
FN:194,(anonymous_5)
FN:206,(anonymous_6)
FN:225,(anonymous_7)
FN:275,(anonymous_8)
FN:292,getStatementSubscriptions
FN:305,(anonymous_10)
FN:319,setAdminsToNewStatement
FN:355,(anonymous_12)
FN:372,(anonymous_13)
FN:409,(anonymous_14)
FN:422,(anonymous_15)
FN:428,(anonymous_16)
FNF:17
FNH:0
FNDA:0,onNewSubscription
FNDA:0,(anonymous_1)
FNDA:0,(anonymous_2)
FNDA:0,(anonymous_3)
FNDA:0,onStatementDeletionDeleteSubscriptions
FNDA:0,(anonymous_5)
FNDA:0,(anonymous_6)
FNDA:0,(anonymous_7)
FNDA:0,(anonymous_8)
FNDA:0,getStatementSubscriptions
FNDA:0,(anonymous_10)
FNDA:0,setAdminsToNewStatement
FNDA:0,(anonymous_12)
FNDA:0,(anonymous_13)
FNDA:0,(anonymous_14)
FNDA:0,(anonymous_15)
FNDA:0,(anonymous_16)
DA:1,1
DA:2,1
DA:3,1
DA:15,1
DA:16,1
DA:24,1
DA:27,0
DA:28,0
DA:30,0
DA:33,0
DA:34,0
DA:36,0
DA:38,0
DA:39,0
DA:41,0
DA:47,0
DA:48,0
DA:49,0
DA:51,0
DA:54,0
DA:55,0
DA:57,0
DA:58,0
DA:59,0
DA:61,0
DA:62,0
DA:63,0
DA:67,0
DA:68,0
DA:70,0
DA:71,0
DA:76,0
DA:77,0
DA:80,0
DA:81,0
DA:82,0
DA:84,0
DA:89,0
DA:91,0
DA:92,0
DA:94,0
DA:97,0
DA:98,0
DA:101,0
DA:103,0
DA:108,0
DA:109,0
DA:110,0
DA:112,0
DA:113,0
DA:114,0
DA:117,0
DA:119,0
DA:120,0
DA:124,0
DA:129,0
DA:130,0
DA:131,0
DA:132,0
DA:133,0
DA:135,0
DA:139,0
DA:141,0
DA:143,0
DA:144,0
DA:145,0
DA:149,0
DA:151,0
DA:152,0
DA:154,0
DA:157,0
DA:159,0
DA:162,1
DA:165,0
DA:166,0
DA:167,0
DA:168,0
DA:170,0
DA:171,0
DA:172,0
DA:175,0
DA:176,0
DA:180,0
DA:185,0
DA:186,0
DA:188,0
DA:192,0
DA:194,0
DA:195,0
DA:196,0
DA:200,0
DA:205,0
DA:206,0
DA:207,0
DA:208,0
DA:213,0
DA:214,0
DA:218,0
DA:222,1
DA:226,0
DA:227,0
DA:228,0
DA:230,0
DA:233,0
DA:236,0
DA:238,0
DA:242,0
DA:244,0
DA:247,0
DA:251,0
DA:253,0
DA:256,0
DA:258,0
DA:262,0
DA:265,0
DA:266,0
DA:268,0
DA:271,0
DA:273,0
DA:274,0
DA:275,0
DA:276,0
DA:279,0
DA:284,0
DA:286,0
DA:288,0
DA:292,1
DA:295,0
DA:297,0
DA:302,0
DA:304,0
DA:305,0
DA:309,0
DA:314,0
DA:319,1
DA:333,0
DA:335,0
DA:336,0
DA:339,0
DA:342,0
DA:344,0
DA:347,0
DA:348,0
DA:349,0
DA:355,0
DA:356,0
DA:357,0
DA:360,0
DA:364,0
DA:365,0
DA:366,0
DA:372,0
DA:373,0
DA:374,0
DA:377,0
DA:381,0
DA:382,0
DA:385,0
DA:386,0
DA:389,0
DA:398,0
DA:399,0
DA:402,0
DA:406,0
DA:409,0
DA:412,0
DA:415,0
DA:421,0
DA:422,0
DA:423,0
DA:424,0
DA:428,0
DA:429,0
DA:430,0
DA:431,0
DA:433,0
DA:436,0
DA:441,0
DA:442,0
DA:444,0
DA:447,0
DA:456,0
DA:457,0
DA:459,0
DA:462,0
DA:466,0
DA:471,0
DA:472,0
DA:475,0
LF:189
LH:10
BRDA:30,0,0,0
BRDA:38,1,0,0
BRDA:49,2,0,0
BRDA:55,3,0,0
BRDA:55,3,1,0
BRDA:55,4,0,0
BRDA:55,4,1,0
BRDA:59,5,0,0
BRDA:59,6,0,0
BRDA:59,6,1,0
BRDA:62,7,0,0
BRDA:68,8,0,0
BRDA:76,9,0,0
BRDA:76,9,1,0
BRDA:81,10,0,0
BRDA:89,11,0,0
BRDA:89,11,1,0
BRDA:92,12,0,0
BRDA:92,12,1,0
BRDA:108,13,0,0
BRDA:112,14,0,0
BRDA:129,15,0,0
BRDA:167,16,0,0
BRDA:171,17,0,0
BRDA:185,18,0,0
BRDA:205,19,0,0
BRDA:227,20,0,0
BRDA:227,20,1,0
BRDA:227,21,0,0
BRDA:227,21,1,0
BRDA:228,22,0,0
BRDA:228,22,1,0
BRDA:228,23,0,0
BRDA:228,23,1,0
BRDA:230,24,0,0
BRDA:230,25,0,0
BRDA:230,25,1,0
BRDA:233,26,0,0
BRDA:233,27,0,0
BRDA:233,27,1,0
BRDA:233,27,2,0
BRDA:247,28,0,0
BRDA:248,29,0,0
BRDA:248,29,1,0
BRDA:265,30,0,0
BRDA:302,31,0,0
BRDA:333,32,0,0
BRDA:347,33,0,0
BRDA:347,33,1,0
BRDA:348,34,0,0
BRDA:348,35,0,0
BRDA:348,35,1,0
BRDA:348,35,2,0
BRDA:365,36,0,0
BRDA:365,37,0,0
BRDA:365,37,1,0
BRDA:365,37,2,0
BRDA:398,38,0,0
BRDA:398,39,0,0
BRDA:398,39,1,0
BRDA:412,40,0,0
BRDA:430,41,0,0
BRDA:441,42,0,0
BRDA:456,43,0,0
BRF:64
BRH:0
end_of_record
TN:
SF:src/fn_views.ts
FN:6,updateStatementWithViews
FN:16,(anonymous_1)
FNF:2
FNH:0
FNDA:0,updateStatementWithViews
FNDA:0,(anonymous_1)
DA:1,1
DA:2,1
DA:3,1
DA:6,1
DA:7,0
DA:8,0
DA:9,0
DA:10,0
DA:11,0
DA:16,0
DA:17,0
DA:18,0
DA:19,0
DA:20,0
DA:21,0
DA:23,0
DA:24,0
DA:26,0
DA:27,0
DA:29,0
DA:33,0
LF:21
LH:4
BRDA:10,0,0,0
BRDA:19,1,0,0
BRDA:21,2,0,0
BRDA:23,3,0,0
BRDA:26,4,0,0
BRDA:26,4,1,0
BRF:6
BRH:0
end_of_record
TN:
SF:src/fn_vote.ts
FN:9,updateVote
FN:43,(anonymous_1)
FN:85,updateParentStatementVotes
FNF:3
FNH:0
FNDA:0,updateVote
FNDA:0,(anonymous_1)
FNDA:0,updateParentStatementVotes
DA:1,1
DA:2,1
DA:3,1
DA:4,1
DA:7,1
DA:9,1
DA:12,0
DA:14,0
DA:15,0
DA:16,0
DA:18,0
DA:22,0
DA:25,0
DA:26,0
DA:30,0
DA:31,0
DA:32,0
DA:35,0
DA:37,0
DA:43,0
DA:44,0
DA:45,0
DA:48,0
DA:52,0
DA:55,0
DA:61,0
DA:64,0
DA:68,0
DA:69,0
DA:72,0
DA:74,0
DA:76,0
DA:80,0
DA:83,0
DA:86,0
DA:87,0
DA:92,0
DA:94,0
DA:95,0
DA:97,0
DA:98,0
DA:106,0
DA:112,0
DA:114,0
LF:44
LH:6
BRDA:12,0,0,0
BRDA:12,1,0,0
BRDA:12,1,1,0
BRDA:12,2,0,0
BRDA:12,2,1,0
BRDA:25,3,0,0
BRDA:61,4,0,0
BRDA:61,5,0,0
BRDA:61,5,1,0
BRDA:61,6,0,0
BRDA:61,6,1,0
BRDA:68,7,0,0
BRDA:86,8,0,0
BRDA:86,8,1,0
BRDA:86,9,0,0
BRDA:86,9,1,0
BRDA:86,10,0,0
BRDA:86,10,1,0
BRDA:86,11,0,0
BRDA:86,11,1,0
BRDA:86,12,0,0
BRDA:86,12,1,0
BRDA:94,13,0,0
BRDA:94,13,1,0
BRF:24
BRH:0
end_of_record
TN:
SF:src/helpers.ts
FN:1,logBase
FN:6,getTopSelectionKeys
FN:11,(anonymous_2)
FN:14,(anonymous_3)
FN:17,(anonymous_4)
FN:21,getRandomColor
FNF:6
FNH:0
FNDA:0,logBase
FNDA:0,getTopSelectionKeys
FNDA:0,(anonymous_2)
FNDA:0,(anonymous_3)
FNDA:0,(anonymous_4)
FNDA:0,getRandomColor
DA:1,1
DA:2,0
DA:6,1
DA:10,0
DA:11,0
DA:14,0
DA:17,1
DA:18,0
DA:21,1
DA:23,0
DA:24,0
DA:25,0
DA:26,0
DA:29,0
LF:14
LH:4
BRDA:8,0,0,0
BRF:1
BRH:0
end_of_record
TN:
SF:src/test-shuffle.ts
FN:4,shuffleArray
FN:21,testShuffle
FN:33,(anonymous_2)
FN:39,(anonymous_3)
FN:42,(anonymous_4)
FNF:5
FNH:0
FNDA:0,shuffleArray
FNDA:0,testShuffle
FNDA:0,(anonymous_2)
FNDA:0,(anonymous_3)
FNDA:0,(anonymous_4)
DA:6,0
DA:9,0
DA:10,0
DA:12,0
DA:13,0
DA:14,0
DA:17,0
DA:23,0
DA:32,0
DA:33,0
DA:36,0
DA:37,0
DA:38,0
DA:39,0
DA:42,0
DA:43,0
DA:47,0
LF:17
LH:0
BRF:0
BRH:0
end_of_record
TN:
SF:src/controllers/maintenanceController.ts
FN:7,(anonymous_0)
FN:14,(anonymous_1)
FN:26,(anonymous_2)
FN:38,(anonymous_3)
FN:50,(anonymous_4)
FN:66,(anonymous_5)
FNF:6
FNH:0
FNDA:0,(anonymous_0)
FNDA:0,(anonymous_1)
FNDA:0,(anonymous_2)
FNDA:0,(anonymous_3)
FNDA:0,(anonymous_4)
FNDA:0,(anonymous_5)
DA:2,0
DA:4,0
DA:8,0
DA:15,0
DA:16,0
DA:17,0
DA:19,0
DA:27,0
DA:28,0
DA:29,0
DA:31,0
DA:39,0
DA:40,0
DA:41,0
DA:43,0
DA:51,0
DA:52,0
DA:53,0
DA:59,0
DA:67,0
DA:68,0
LF:21
LH:0
BRDA:8,0,0,0
BRDA:8,0,1,0
BRDA:67,1,0,0
BRDA:67,1,1,0
BRF:4
BRH:0
end_of_record
TN:
SF:src/controllers/statementController.ts
FN:8,(anonymous_0)
FN:15,(anonymous_1)
FN:49,(anonymous_2)
FN:86,(anonymous_3)
FN:120,(anonymous_4)
FNF:5
FNH:5
FNDA:10,(anonymous_0)
FNDA:4,(anonymous_1)
FNDA:4,(anonymous_2)
FNDA:2,(anonymous_3)
FNDA:1,(anonymous_4)
DA:2,1
DA:3,1
DA:5,1
DA:9,10
DA:16,4
DA:18,4
DA:19,4
DA:20,4
DA:22,4
DA:26,4
DA:27,2
DA:31,2
DA:35,2
DA:40,1
DA:42,1
DA:50,4
DA:52,4
DA:53,4
DA:55,4
DA:57,4
DA:58,1
DA:62,1
DA:66,3
DA:69,3
DA:75,3
DA:77,3
DA:79,0
DA:87,2
DA:89,2
DA:90,2
DA:92,2
DA:94,2
DA:95,0
DA:99,0
DA:103,2
DA:106,2
DA:111,2
DA:113,0
DA:121,1
DA:122,1
LF:40
LH:36
BRDA:9,0,0,10
BRDA:9,0,1,0
BRDA:26,1,0,2
BRDA:57,2,0,1
BRDA:94,3,0,0
BRDA:121,4,0,1
BRDA:121,4,1,0
BRF:7
BRH:4
end_of_record
TN:
SF:src/services/ai-service.ts
FN:25,getGenAI
FN:38,getGenerativeAIModel
FN:80,extractAndParseJsonString
FN:114,getAIResponseAsList
FN:146,handleError
FN:184,(anonymous_5)
FN:188,checkForInappropriateContent
FN:217,findSimilarStatementsAI
FN:239,generateSimilar
FNF:9
FNH:0
FNDA:0,getGenAI
FNDA:0,getGenerativeAIModel
FNDA:0,extractAndParseJsonString
FNDA:0,getAIResponseAsList
FNDA:0,handleError
FNDA:0,(anonymous_5)
FNDA:0,checkForInappropriateContent
FNDA:0,findSimilarStatementsAI
FNDA:0,generateSimilar
DA:1,1
DA:7,1
DA:8,1
DA:20,1
DA:26,0
DA:28,0
DA:29,0
DA:32,0
DA:39,0
DA:40,0
DA:43,0
DA:45,0
DA:46,0
DA:47,0
DA:49,0
DA:51,0
DA:65,0
DA:67,0
DA:69,0
DA:70,0
DA:71,0
DA:73,0
DA:80,1
DA:83,0
DA:84,0
DA:85,0
DA:87,0
DA:88,0
DA:90,0
DA:93,0
DA:94,0
DA:96,0
DA:97,0
DA:99,0
DA:101,0
DA:104,0
DA:106,0
DA:118,0
DA:119,0
DA:120,0
DA:121,0
DA:122,0
DA:125,0
DA:126,0
DA:128,0
DA:129,0
DA:132,0
DA:134,0
DA:136,0
DA:139,0
DA:143,0
DA:153,0
DA:154,0
DA:155,0
DA:156,0
DA:158,0
DA:165,0
DA:171,0
DA:172,0
DA:179,0
DA:182,0
DA:183,0
DA:184,0
DA:186,0
DA:188,1
DA:189,0
DA:197,0
DA:198,0
DA:199,0
DA:200,0
DA:202,0
DA:204,0
DA:208,0
DA:211,0
DA:217,1
DA:223,0
DA:232,0
DA:239,1
DA:244,0
DA:251,0
LF:80
LH:8
BRDA:28,0,0,0
BRDA:39,1,0,0
BRDA:46,2,0,0
BRDA:46,2,1,0
BRDA:87,3,0,0
BRDA:87,4,0,0
BRDA:87,4,1,0
BRDA:87,4,2,0
BRDA:96,5,0,0
BRDA:96,5,1,0
BRDA:96,6,0,0
BRDA:96,6,1,0
BRDA:116,7,0,0
BRDA:128,8,0,0
BRDA:139,9,0,0
BRDA:153,10,0,0
BRDA:153,10,1,0
BRDA:155,11,0,0
BRDA:155,11,1,0
BRDA:155,12,0,0
BRDA:155,12,1,0
BRDA:156,13,0,0
BRDA:156,13,1,0
BRDA:156,14,0,0
BRDA:156,14,1,0
BRDA:165,15,0,0
BRDA:165,15,1,0
BRDA:165,15,2,0
BRDA:165,15,3,0
BRDA:165,15,4,0
BRDA:168,16,0,0
BRDA:168,16,1,0
BRDA:168,17,0,0
BRDA:168,17,1,0
BRDA:169,18,0,0
BRDA:169,18,1,0
BRDA:169,19,0,0
BRDA:169,19,1,0
BRDA:171,20,0,0
BRDA:171,21,0,0
BRDA:171,21,1,0
BRDA:221,22,0,0
BRDA:242,23,0,0
BRF:43
BRH:0
end_of_record
TN:
SF:src/services/statement-service.ts
FN:8,getParentStatement
FN:23,getSubStatements
FN:28,(anonymous_2)
FN:34,getUserStatements
FN:35,(anonymous_4)
FN:41,convertToSimpleStatements
FN:42,(anonymous_6)
FN:51,getStatementsFromTexts
FN:57,(anonymous_8)
FN:60,(anonymous_9)
FN:63,(anonymous_10)
FN:64,(anonymous_11)
FN:66,(anonymous_12)
FN:74,removeDuplicateStatement
FN:79,(anonymous_14)
FN:95,hasReachedMaxStatements
FNF:16
FNH:0
FNDA:0,getParentStatement
FNDA:0,getSubStatements
FNDA:0,(anonymous_2)
FNDA:0,getUserStatements
FNDA:0,(anonymous_4)
FNDA:0,convertToSimpleStatements
FNDA:0,(anonymous_6)
FNDA:0,getStatementsFromTexts
FNDA:0,(anonymous_8)
FNDA:0,(anonymous_9)
FNDA:0,(anonymous_10)
FNDA:0,(anonymous_11)
FNDA:0,(anonymous_12)
FNDA:0,removeDuplicateStatement
FNDA:0,(anonymous_14)
FNDA:0,hasReachedMaxStatements
DA:1,1
DA:2,1
DA:8,1
DA:10,0
DA:11,0
DA:13,0
DA:14,0
DA:17,0
DA:23,1
DA:24,0
DA:25,0
DA:26,0
DA:28,0
DA:34,1
DA:35,0
DA:41,1
DA:42,0
DA:51,1
DA:56,0
DA:58,0
DA:60,0
DA:62,0
DA:64,0
DA:66,0
DA:68,0
DA:74,1
DA:78,0
DA:79,0
DA:82,0
DA:83,0
DA:84,0
DA:85,0
DA:89,0
DA:95,1
DA:99,0
LF:35
LH:9
BRDA:13,0,0,0
BRDA:82,1,0,0
BRDA:84,2,0,0
BRF:3
BRH:0
end_of_record
TN:
SF:src/services/maintenance/maintenanceService.ts
FN:12,(anonymous_0)
FN:18,(anonymous_1)
FN:30,(anonymous_2)
FN:36,(anonymous_3)
FN:67,(anonymous_4)
FN:81,(anonymous_5)
FN:88,(anonymous_6)
FN:101,(anonymous_7)
FN:108,(anonymous_8)
FNF:9
FNH:0
FNDA:0,(anonymous_0)
FNDA:0,(anonymous_1)
FNDA:0,(anonymous_2)
FNDA:0,(anonymous_3)
FNDA:0,(anonymous_4)
FNDA:0,(anonymous_5)
FNDA:0,(anonymous_6)
FNDA:0,(anonymous_7)
FNDA:0,(anonymous_8)
DA:1,0
DA:2,0
DA:8,0
DA:13,0
DA:14,0
DA:15,0
DA:17,0
DA:18,0
DA:19,0
DA:20,0
DA:23,0
DA:24,0
DA:31,0
DA:32,0
DA:33,0
DA:35,0
DA:36,0
DA:37,0
DA:38,0
DA:40,0
DA:41,0
DA:44,0
DA:45,0
DA:49,0
DA:50,0
DA:54,0
DA:60,0
DA:61,0
DA:68,0
DA:71,0
DA:72,0
DA:75,0
DA:76,0
DA:78,0
DA:81,0
DA:82,0
DA:83,0
DA:87,0
DA:88,0
DA:89,0
DA:90,0
DA:91,0
DA:94,0
DA:95,0
DA:102,0
DA:103,0
DA:105,0
DA:106,0
DA:108,0
DA:109,0
DA:110,0
DA:111,0
DA:112,0
DA:113,0
DA:117,0
DA:118,0
LF:56
LH:0
BRDA:40,0,0,0
BRDA:40,0,1,0
BRDA:44,1,0,0
BRDA:44,1,1,0
BRDA:49,2,0,0
BRDA:49,2,1,0
BRDA:110,3,0,0
BRF:7
BRH:0
end_of_record
TN:
SF:src/services/statements/statementService.ts
FN:29,(anonymous_0)
FN:37,(anonymous_1)
FN:43,(anonymous_2)
FN:61,(anonymous_3)
FN:98,(anonymous_4)
FN:108,(anonymous_5)
FN:114,(anonymous_6)
FN:130,(anonymous_7)
FN:150,(anonymous_8)
FN:167,(anonymous_9)
FN:168,(anonymous_10)
FN:175,(anonymous_11)
FN:185,(anonymous_12)
FN:191,(anonymous_13)
FN:195,(anonymous_14)
FN:209,(anonymous_15)
FN:221,(anonymous_16)
FNF:17
FNH:17
FNDA:2,(anonymous_0)
FNDA:2,(anonymous_1)
FNDA:3,(anonymous_2)
FNDA:1,(anonymous_3)
FNDA:1,(anonymous_4)
FNDA:3,(anonymous_5)
FNDA:1,(anonymous_6)
FNDA:2,(anonymous_7)
FNDA:1,(anonymous_8)
FNDA:2,(anonymous_9)
FNDA:2,(anonymous_10)
FNDA:2,(anonymous_11)
FNDA:2,(anonymous_12)
FNDA:1,(anonymous_13)
FNDA:3,(anonymous_14)
FNDA:1,(anonymous_15)
FNDA:2,(anonymous_16)
DA:1,2
DA:3,2
DA:8,2
DA:25,2
DA:30,2
DA:36,2
DA:37,2
DA:45,3
DA:48,3
DA:49,3
DA:51,3
DA:52,1
DA:55,2
DA:66,1
DA:67,1
DA:70,1
DA:73,1
DA:76,1
DA:77,1
DA:79,1
DA:80,1
DA:86,1
DA:88,0
DA:92,1
DA:102,1
DA:107,1
DA:108,3
DA:121,1
DA:129,1
DA:130,2
DA:133,1
DA:134,1
DA:141,1
DA:144,1
DA:157,1
DA:164,1
DA:166,1
DA:167,2
DA:168,2
DA:176,2
DA:177,2
DA:184,2
DA:185,2
DA:192,1
DA:193,1
DA:195,1
DA:196,3
DA:197,3
DA:203,1
DA:211,1
DA:213,1
DA:214,1
DA:220,1
DA:221,2
LF:54
LH:53
BRDA:43,0,0,0
BRDA:51,1,0,1
BRDA:51,2,0,1
BRDA:51,2,1,2
BRDA:51,3,0,3
BRDA:51,3,1,3
BRDA:51,4,0,0
BRDA:51,4,1,3
BRDA:51,5,0,3
BRDA:51,5,1,3
BRDA:51,6,0,0
BRDA:51,6,1,3
BRDA:51,7,0,3
BRDA:51,7,1,3
BRDA:66,8,0,1
BRDA:66,8,1,0
BRDA:79,9,0,1
BRDA:79,9,1,0
BRDA:133,10,0,1
BRDA:198,11,0,3
BRDA:198,11,1,1
BRDA:198,12,0,1
BRDA:198,12,1,2
BRDA:198,13,0,3
BRDA:198,13,1,3
BRDA:209,14,0,0
BRF:26
BRH:20
end_of_record
TN:
SF:src/utils/arrayUtils.ts
FN:6,shuffleArray
FN:28,getRandomSample
FNF:2
FNH:2
FNDA:160,shuffleArray
FNDA:56,getRandomSample
DA:6,2
DA:8,160
DA:11,160
DA:12,1381
DA:14,1381
DA:15,1381
DA:16,1381
DA:19,160
DA:28,2
DA:30,56
DA:32,56
LF:11
LH:11
BRF:0
BRH:0
end_of_record
TN:
SF:src/utils/validation.ts
FN:8,(anonymous_0)
FN:14,(anonymous_1)
FN:27,(anonymous_2)
FN:51,(anonymous_3)
FN:58,(anonymous_4)
FN:65,(anonymous_5)
FN:66,(anonymous_6)
FN:73,extractQueryParams
FNF:8
FNH:6
FNDA:10,(anonymous_0)
FNDA:14,(anonymous_1)
FNDA:5,(anonymous_2)
FNDA:10,(anonymous_3)
FNDA:0,(anonymous_4)
FNDA:3,(anonymous_5)
FNDA:3,(anonymous_6)
FNDA:0,extractQueryParams
DA:8,1
DA:9,10
DA:15,14
DA:16,3
DA:21,14
DA:28,5
DA:29,1
DA:32,4
DA:33,4
DA:34,1
DA:38,1
DA:41,3
DA:42,1
DA:45,2
DA:52,10
DA:59,0
DA:66,3
DA:73,1
DA:74,0
LF:19
LH:17
BRDA:15,0,0,3
BRDA:15,1,0,14
BRDA:15,1,1,11
BRDA:28,2,0,1
BRDA:28,3,0,5
BRDA:28,3,1,4
BRDA:33,4,0,1
BRDA:41,5,0,1
BRDA:41,6,0,3
BRDA:41,6,1,3
BRDA:74,7,0,0
BRDA:74,7,1,0
BRF:12
BRH:10
end_of_record
